{"/Users/ian/Documents/code/js/99Test/lib/bottles.js": {"path":"/Users/ian/Documents/code/js/99Test/lib/bottles.js","statementMap":{"0":{"start":{"line":11,"column":4},"end":{"line":11,"column":37}},"1":{"start":{"line":19,"column":4},"end":{"line":19,"column":45}},"2":{"start":{"line":29,"column":4},"end":{"line":29,"column":33}},"3":{"start":{"line":30,"column":14},"end":{"line":30,"column":16}},"4":{"start":{"line":31,"column":4},"end":{"line":36,"column":5}},"5":{"start":{"line":31,"column":17},"end":{"line":31,"column":25}},"6":{"start":{"line":32,"column":6},"end":{"line":32,"column":27}},"7":{"start":{"line":33,"column":6},"end":{"line":35,"column":7}},"8":{"start":{"line":34,"column":8},"end":{"line":34,"column":20}},"9":{"start":{"line":37,"column":4},"end":{"line":37,"column":15}},"10":{"start":{"line":46,"column":4},"end":{"line":48,"column":33}},"11":{"start":{"line":57,"column":33},"end":{"line":57,"column":73}},"12":{"start":{"line":58,"column":4},"end":{"line":63,"column":6}},"13":{"start":{"line":73,"column":6},"end":{"line":73,"column":56}},"14":{"start":{"line":76,"column":6},"end":{"line":77,"column":58}},"15":{"start":{"line":80,"column":6},"end":{"line":84,"column":63}},"16":{"start":{"line":86,"column":4},"end":{"line":86,"column":28}}},"fnMap":{"0":{"name":"(anonymous_0)","decl":{"start":{"line":10,"column":2},"end":{"line":10,"column":3}},"loc":{"start":{"line":10,"column":33},"end":{"line":12,"column":3}},"line":10},"1":{"name":"(anonymous_1)","decl":{"start":{"line":18,"column":2},"end":{"line":18,"column":3}},"loc":{"start":{"line":18,"column":9},"end":{"line":20,"column":3}},"line":18},"2":{"name":"(anonymous_2)","decl":{"start":{"line":28,"column":2},"end":{"line":28,"column":3}},"loc":{"start":{"line":28,"column":51},"end":{"line":38,"column":3}},"line":28},"3":{"name":"(anonymous_3)","decl":{"start":{"line":45,"column":2},"end":{"line":45,"column":3}},"loc":{"start":{"line":45,"column":21},"end":{"line":49,"column":3}},"line":45},"4":{"name":"(anonymous_4)","decl":{"start":{"line":56,"column":2},"end":{"line":56,"column":3}},"loc":{"start":{"line":56,"column":22},"end":{"line":64,"column":3}},"line":56},"5":{"name":"(anonymous_5)","decl":{"start":{"line":71,"column":2},"end":{"line":71,"column":3}},"loc":{"start":{"line":71,"column":24},"end":{"line":87,"column":3}},"line":71}},"branchMap":{"0":{"loc":{"start":{"line":10,"column":14},"end":{"line":10,"column":31}},"type":"default-arg","locations":[{"start":{"line":10,"column":29},"end":{"line":10,"column":31}}],"line":10},"1":{"loc":{"start":{"line":28,"column":9},"end":{"line":28,"column":37}},"type":"default-arg","locations":[{"start":{"line":28,"column":20},"end":{"line":28,"column":37}}],"line":28},"2":{"loc":{"start":{"line":28,"column":39},"end":{"line":28,"column":49}},"type":"default-arg","locations":[{"start":{"line":28,"column":48},"end":{"line":28,"column":49}}],"line":28},"3":{"loc":{"start":{"line":33,"column":6},"end":{"line":35,"column":7}},"type":"if","locations":[{"start":{"line":33,"column":6},"end":{"line":35,"column":7}},{"start":{},"end":{}}],"line":33},"4":{"loc":{"start":{"line":46,"column":11},"end":{"line":48,"column":32}},"type":"cond-expr","locations":[{"start":{"line":47,"column":8},"end":{"line":47,"column":34}},{"start":{"line":48,"column":8},"end":{"line":48,"column":32}}],"line":46},"5":{"loc":{"start":{"line":46,"column":11},"end":{"line":46,"column":49}},"type":"binary-expr","locations":[{"start":{"line":46,"column":11},"end":{"line":46,"column":28}},{"start":{"line":46,"column":32},"end":{"line":46,"column":49}}],"line":46},"6":{"loc":{"start":{"line":57,"column":33},"end":{"line":57,"column":73}},"type":"cond-expr","locations":[{"start":{"line":57,"column":53},"end":{"line":57,"column":61}},{"start":{"line":57,"column":64},"end":{"line":57,"column":73}}],"line":57},"7":{"loc":{"start":{"line":73,"column":6},"end":{"line":73,"column":56}},"type":"cond-expr","locations":[{"start":{"line":73,"column":26},"end":{"line":73,"column":36}},{"start":{"line":73,"column":39},"end":{"line":73,"column":56}}],"line":73},"8":{"loc":{"start":{"line":80,"column":6},"end":{"line":84,"column":63}},"type":"cond-expr","locations":[{"start":{"line":81,"column":10},"end":{"line":82,"column":50}},{"start":{"line":83,"column":10},"end":{"line":84,"column":63}}],"line":80}},"s":{"0":1,"1":0,"2":0,"3":0,"4":0,"5":0,"6":0,"7":0,"8":0,"9":0,"10":1,"11":1,"12":1,"13":0,"14":0,"15":0,"16":0},"f":{"0":1,"1":0,"2":0,"3":1,"4":1,"5":0},"b":{"0":[0],"1":[0],"2":[0],"3":[0,0],"4":[0,1],"5":[1,1],"6":[0,1],"7":[0,0],"8":[0,0]},"_coverageSchema":"1a1c01bbd47fc00a2c39e90264f33305004495a9","hash":"e0bbab1c7ffe71206b9d725dbf988f27a4662055"}
}
