TN:
SF:lib/bottles.js
FN:10,(anonymous_0)
FN:18,(anonymous_1)
FN:28,(anonymous_2)
FN:45,(anonymous_3)
FN:56,(anonymous_4)
FN:71,(anonymous_5)
FNF:6
FNH:6
FNDA:8,(anonymous_0)
FNDA:1,(anonymous_1)
FNDA:3,(anonymous_2)
FNDA:110,(anonymous_3)
FNDA:104,(anonymous_4)
FNDA:6,(anonymous_5)
DA:11,8
DA:19,1
DA:29,3
DA:30,3
DA:31,3
DA:32,105
DA:33,105
DA:34,103
DA:37,3
DA:46,110
DA:57,104
DA:58,104
DA:72,6
DA:75,6
DA:79,6
DA:85,6
LF:16
LH:16
BRDA:10,0,0,6
BRDA:28,1,0,1
BRDA:28,2,0,1
BRDA:33,3,0,103
BRDA:33,3,1,2
BRDA:46,4,0,6
BRDA:46,4,1,104
BRDA:46,5,0,110
BRDA:46,5,1,107
BRDA:57,6,0,3
BRDA:57,6,1,101
BRDA:72,7,0,3
BRDA:72,7,1,3
BRDA:79,8,0,3
BRDA:79,8,1,3
BRF:15
BRH:15
end_of_record
TN:
SF:lib/caluculateDaysBetweenDates.js
FN:8,calculateDaysBetweenDates
FNF:1
FNH:1
FNDA:3,calculateDaysBetweenDates
DA:9,3
DA:10,3
DA:11,2
DA:12,2
LF:4
LH:4
BRF:0
BRH:0
end_of_record
