TN:
SF:lib/bottles.js
FN:10,(anonymous_0)
FN:18,(anonymous_1)
FN:28,(anonymous_2)
FN:45,(anonymous_3)
FN:56,(anonymous_4)
FN:71,(anonymous_5)
FNF:6
FNH:6
FNDA:13,(anonymous_0)
FNDA:4,(anonymous_1)
FNDA:6,(anonymous_2)
FNDA:316,(anonymous_3)
FNDA:304,(anonymous_4)
FNDA:14,(anonymous_5)
DA:11,13
DA:19,4
DA:29,6
DA:30,6
DA:31,6
DA:32,311
DA:33,311
DA:34,306
DA:37,6
DA:46,316
DA:57,304
DA:58,304
DA:73,14
DA:76,14
DA:80,14
DA:86,14
LF:16
LH:16
BRDA:10,0,0,8
BRDA:28,1,0,1
BRDA:28,2,0,1
BRDA:33,3,0,306
BRDA:33,3,1,5
BRDA:46,4,0,12
BRDA:46,4,1,304
BRDA:46,5,0,316
BRDA:46,5,1,310
BRDA:57,6,0,6
BRDA:57,6,1,298
BRDA:73,7,0,7
BRDA:73,7,1,7
BRDA:80,8,0,7
BRDA:80,8,1,7
BRF:15
BRH:15
end_of_record
TN:
SF:lib/caluculateDaysBetweenDates.js
FN:8,calculateDaysBetweenDates
FNF:1
FNH:1
FNDA:3,calculateDaysBetweenDates
DA:9,3
DA:10,3
DA:11,2
DA:12,2
LF:4
LH:4
BRF:0
BRH:0
end_of_record
